<?xml version="1.0" encoding="UTF-8"?>
<!-- Generated by org.testng.reporters.JUnitReportReporter -->
<testsuite skipped="0" hostname="DanielsLappy" name="Interview.PoundSearchTNG" tests="4" failures="0" timestamp="2020-04-26T16:15:45 EDT" time="17.722" errors="0">
  <testcase name="bingTest" time="4.162" classname="Interview.PoundSearchTNG"/>
  <system-out/>
  <testcase name="googleTest" time="5.579" classname="Interview.PoundSearchTNG"/>
  <system-out/>
  <testcase name="wikiTest" time="6.482" classname="Interview.PoundSearchTNG"/>
  <system-out/>
  <testcase name="hashTest" time="1.499" classname="Interview.PoundSearchTNG"/>
  <system-out/>
</testsuite> <!-- Interview.PoundSearchTNG -->
