<?xml version="1.0" encoding="UTF-8"?>
<!-- Generated by org.testng.reporters.JUnitReportReporter -->
<testsuite skipped="0" hostname="DanielsLappy" name="Interview.PoundSearchTNG" tests="4" failures="0" timestamp="2020-04-26T14:31:46 EDT" time="16.834" errors="0">
  <testcase name="wikiTest" time="4.712" classname="Interview.PoundSearchTNG"/>
  <system-out/>
  <testcase name="bingTest" time="2.732" classname="Interview.PoundSearchTNG"/>
  <system-out/>
  <testcase name="googleTest" time="7.520" classname="Interview.PoundSearchTNG"/>
  <system-out/>
  <testcase name="hashTest" time="1.870" classname="Interview.PoundSearchTNG"/>
  <system-out/>
</testsuite> <!-- Interview.PoundSearchTNG -->
