<?xml version="1.0" encoding="UTF-8"?>
<!-- Generated by org.testng.reporters.JUnitReportReporter -->
<testsuite skipped="0" hostname="DanielsLappy" name="Interview.TestNGPound" tests="1" failures="0" timestamp="2020-03-25T23:08:12 EDT" time="3.721" errors="0">
  <testcase name="googleTest" time="3.721" classname="Interview.TestNGPound"/>
  <system-out/>
</testsuite> <!-- Interview.TestNGPound -->
