<?xml version="1.0" encoding="UTF-8"?>
<!-- Generated by org.testng.reporters.JUnitReportReporter -->
<testsuite skipped="0" hostname="DanielsLappy" name="Interview.FizzBuzzTNG" tests="1" failures="0" timestamp="2020-04-26T16:15:45 EDT" time="0.010" errors="0">
  <testcase name="fizzBuzz" time="0.010" classname="Interview.FizzBuzzTNG"/>
  <system-out/>
</testsuite> <!-- Interview.FizzBuzzTNG -->
