<?xml version="1.0" encoding="UTF-8"?>
<!-- Generated by org.testng.reporters.JUnitReportReporter -->
<testsuite skipped="0" hostname="DanielsLappy" name="Interview.PoundTestNG" tests="4" failures="0" timestamp="2020-04-03T14:53:15 EDT" time="20.094" errors="0">
  <testcase name="wikiTest" time="10.465" classname="Interview.PoundTestNG"/>
  <system-out/>
  <testcase name="bingTest" time="3.502" classname="Interview.PoundTestNG"/>
  <system-out/>
  <testcase name="googleTest" time="4.431" classname="Interview.PoundTestNG"/>
  <system-out/>
  <testcase name="hashTest" time="1.696" classname="Interview.PoundTestNG"/>
  <system-out/>
</testsuite> <!-- Interview.PoundTestNG -->
