<?xml version="1.0" encoding="UTF-8"?>
<!-- Generated by org.testng.reporters.JUnitReportReporter -->
<testsuite skipped="0" hostname="DanielsLappy" name="Interview.PoundSearchTNG" tests="4" failures="0" timestamp="2020-04-07T23:29:41 EDT" time="23.475" errors="0">
  <testcase name="bingTest" time="5.439" classname="Interview.PoundSearchTNG"/>
  <system-out/>
  <testcase name="wikiTest" time="10.341" classname="Interview.PoundSearchTNG"/>
  <system-out/>
  <testcase name="googleTest" time="5.945" classname="Interview.PoundSearchTNG"/>
  <system-out/>
  <testcase name="hashTest" time="1.750" classname="Interview.PoundSearchTNG"/>
  <system-out/>
</testsuite> <!-- Interview.PoundSearchTNG -->
