<?xml version="1.0" encoding="UTF-8"?>
<!-- Generated by org.testng.reporters.JUnitReportReporter -->
<testsuite skipped="0" hostname="DanielsLappy" name="Interview.PoundTestNG" tests="4" failures="0" timestamp="2020-03-25T23:14:53 EDT" time="15.628" errors="0">
  <testcase name="wikiTest" time="4.488" classname="Interview.PoundTestNG"/>
  <system-out/>
  <testcase name="bingTest" time="2.715" classname="Interview.PoundTestNG"/>
  <system-out/>
  <testcase name="googleTest" time="6.813" classname="Interview.PoundTestNG"/>
  <system-out/>
  <testcase name="hashTest" time="1.612" classname="Interview.PoundTestNG"/>
  <system-out/>
</testsuite> <!-- Interview.PoundTestNG -->
