<?xml version="1.0" encoding="UTF-8"?>
<!-- Generated by org.testng.reporters.JUnitReportReporter -->
<testsuite skipped="0" hostname="DanielsLappy" name="Interview.PoundSearchTNG" tests="4" failures="0" timestamp="2020-04-26T15:48:28 EDT" time="18.496" errors="0">
  <testcase name="bingTest" time="4.040" classname="Interview.PoundSearchTNG"/>
  <system-out/>
  <testcase name="googleTest" time="8.276" classname="Interview.PoundSearchTNG"/>
  <system-out/>
  <testcase name="wikiTest" time="4.565" classname="Interview.PoundSearchTNG"/>
  <system-out/>
  <testcase name="hashTest" time="1.615" classname="Interview.PoundSearchTNG"/>
  <system-out/>
</testsuite> <!-- Interview.PoundSearchTNG -->
