<?xml version="1.0" encoding="UTF-8"?>
<!-- Generated by org.testng.reporters.JUnitReportReporter -->
<testsuite skipped="0" hostname="DanielsLappy" name="Interview.AppTNG" tests="1" failures="0" timestamp="2020-04-26T15:09:53 EDT" time="10.375" errors="0">
  <testcase name="highlightImage" time="10.375" classname="Interview.AppTNG"/>
  <system-out/>
</testsuite> <!-- Interview.AppTNG -->
